2025-12-17 18:18:10,532 [INFO] Using device: cuda
2025-12-17 18:18:10,533 [INFO] Arguments: {'data_root': '/home/xxge/tzy/Pycharmpro/cnn_fiber/TRAIN_DATA_FINAL_256', 'model': 'resnet18', 'epochs': 100, 'batch_size': 64, 'lr': 0.0001, 'save_dir': './checkpoints_cbam'}
2025-12-17 18:18:10,533 [INFO] Loading data...
2025-12-17 18:22:46,922 [INFO] Epoch 1 - Train Loss: 0.2650, Acc: 0.9102 | Val Loss: 2.0842, Acc: 0.6912, F1: 0.6985 | LR: 0.000100
2025-12-17 18:22:47,209 [INFO] >>> Saved New Best Model (F1: 0.6985)
2025-12-17 18:27:34,156 [INFO] Epoch 2 - Train Loss: 0.0517, Acc: 0.9821 | Val Loss: 0.1738, Acc: 0.9691, F1: 0.9705 | LR: 0.000100
2025-12-17 18:27:34,495 [INFO] >>> Saved New Best Model (F1: 0.9705)
2025-12-17 18:31:56,760 [INFO] Epoch 3 - Train Loss: 0.0469, Acc: 0.9850 | Val Loss: 0.4034, Acc: 0.8516, F1: 0.8612 | LR: 0.000100
2025-12-17 18:36:31,093 [INFO] Epoch 4 - Train Loss: 0.0343, Acc: 0.9886 | Val Loss: 0.1673, Acc: 0.9831, F1: 0.9838 | LR: 0.000100
2025-12-17 18:36:31,465 [INFO] >>> Saved New Best Model (F1: 0.9838)
2025-12-17 18:40:41,660 [INFO] Epoch 5 - Train Loss: 0.0130, Acc: 0.9971 | Val Loss: 0.1368, Acc: 0.9771, F1: 0.9781 | LR: 0.000099
2025-12-17 18:45:13,397 [INFO] Epoch 6 - Train Loss: 0.0106, Acc: 0.9967 | Val Loss: 0.1988, Acc: 0.9671, F1: 0.9677 | LR: 0.000099
2025-12-17 18:49:46,382 [INFO] Epoch 7 - Train Loss: 0.0194, Acc: 0.9937 | Val Loss: 0.3061, Acc: 0.9691, F1: 0.9698 | LR: 0.000099
2025-12-17 18:53:42,389 [INFO] Epoch 8 - Train Loss: 0.0089, Acc: 0.9976 | Val Loss: 0.1733, Acc: 0.9801, F1: 0.9813 | LR: 0.000098
2025-12-17 18:58:17,273 [INFO] Epoch 9 - Train Loss: 0.0040, Acc: 0.9990 | Val Loss: 0.2048, Acc: 0.9821, F1: 0.9826 | LR: 0.000098
2025-12-17 19:03:03,320 [INFO] Epoch 10 - Train Loss: 0.0055, Acc: 0.9989 | Val Loss: 0.2570, Acc: 0.9691, F1: 0.9704 | LR: 0.000098
2025-12-17 19:07:04,447 [INFO] Epoch 11 - Train Loss: 0.0478, Acc: 0.9847 | Val Loss: 0.1618, Acc: 0.9781, F1: 0.9790 | LR: 0.000097
2025-12-17 19:11:35,690 [INFO] Epoch 12 - Train Loss: 0.0143, Acc: 0.9951 | Val Loss: 0.2379, Acc: 0.9781, F1: 0.9787 | LR: 0.000096
2025-12-17 19:16:45,187 [INFO] Epoch 13 - Train Loss: 0.0080, Acc: 0.9976 | Val Loss: 0.1885, Acc: 0.9721, F1: 0.9733 | LR: 0.000096
2025-12-17 19:21:07,873 [INFO] Epoch 14 - Train Loss: 0.0090, Acc: 0.9973 | Val Loss: 0.1339, Acc: 0.9831, F1: 0.9842 | LR: 0.000095
2025-12-17 19:21:08,238 [INFO] >>> Saved New Best Model (F1: 0.9842)
2025-12-17 19:25:47,709 [INFO] Epoch 15 - Train Loss: 0.0028, Acc: 0.9991 | Val Loss: 0.1824, Acc: 0.9831, F1: 0.9841 | LR: 0.000095
2025-12-17 19:29:54,836 [INFO] Epoch 16 - Train Loss: 0.0060, Acc: 0.9977 | Val Loss: 0.1766, Acc: 0.9841, F1: 0.9851 | LR: 0.000094
2025-12-17 19:29:55,145 [INFO] >>> Saved New Best Model (F1: 0.9851)
2025-12-17 19:34:11,451 [INFO] Epoch 17 - Train Loss: 0.0064, Acc: 0.9986 | Val Loss: 0.1533, Acc: 0.9831, F1: 0.9840 | LR: 0.000093
2025-12-17 19:39:19,396 [INFO] Epoch 18 - Train Loss: 0.0148, Acc: 0.9955 | Val Loss: 0.3018, Acc: 0.9831, F1: 0.9841 | LR: 0.000092
2025-12-17 19:43:32,775 [INFO] Epoch 19 - Train Loss: 0.0047, Acc: 0.9989 | Val Loss: 0.2291, Acc: 0.9582, F1: 0.9594 | LR: 0.000091
2025-12-17 19:47:52,313 [INFO] Epoch 20 - Train Loss: 0.0065, Acc: 0.9980 | Val Loss: 0.1907, Acc: 0.9801, F1: 0.9812 | LR: 0.000090
2025-12-17 19:52:41,124 [INFO] Epoch 21 - Train Loss: 0.0021, Acc: 0.9995 | Val Loss: 0.1815, Acc: 0.9841, F1: 0.9851 | LR: 0.000090
2025-12-17 19:57:07,239 [INFO] Epoch 22 - Train Loss: 0.0010, Acc: 0.9999 | Val Loss: 0.1811, Acc: 0.9811, F1: 0.9819 | LR: 0.000089
2025-12-17 20:01:52,056 [INFO] Epoch 23 - Train Loss: 0.0012, Acc: 0.9995 | Val Loss: 0.1958, Acc: 0.9831, F1: 0.9838 | LR: 0.000088
2025-12-17 20:06:13,509 [INFO] Epoch 24 - Train Loss: 0.0007, Acc: 0.9999 | Val Loss: 0.2442, Acc: 0.9821, F1: 0.9828 | LR: 0.000086
2025-12-17 20:10:27,526 [INFO] Epoch 25 - Train Loss: 0.0011, Acc: 0.9999 | Val Loss: 0.2050, Acc: 0.9841, F1: 0.9851 | LR: 0.000085
2025-12-17 20:14:53,953 [INFO] Epoch 26 - Train Loss: 0.0002, Acc: 1.0000 | Val Loss: 0.2286, Acc: 0.9831, F1: 0.9838 | LR: 0.000084
2025-12-17 20:19:38,676 [INFO] Epoch 27 - Train Loss: 0.0001, Acc: 1.0000 | Val Loss: 0.1949, Acc: 0.9841, F1: 0.9851 | LR: 0.000083
2025-12-17 20:23:52,662 [INFO] Epoch 28 - Train Loss: 0.0002, Acc: 1.0000 | Val Loss: 0.2155, Acc: 0.9841, F1: 0.9851 | LR: 0.000082
2025-12-17 23:30:38,402 [INFO] Epoch 29 - Train Loss: 0.0002, Acc: 1.0000 | Val Loss: 0.2099, Acc: 0.9841, F1: 0.9851 | LR: 0.000081
2025-12-17 23:35:14,043 [INFO] Epoch 30 - Train Loss: 0.0001, Acc: 1.0000 | Val Loss: 0.2333, Acc: 0.9841, F1: 0.9851 | LR: 0.000079
2025-12-17 23:39:32,996 [INFO] Epoch 31 - Train Loss: 0.0076, Acc: 0.9976 | Val Loss: 0.1757, Acc: 0.9811, F1: 0.9818 | LR: 0.000078
2025-12-17 23:44:44,886 [INFO] Epoch 32 - Train Loss: 0.0299, Acc: 0.9928 | Val Loss: 0.2904, Acc: 0.9801, F1: 0.9811 | LR: 0.000077
2025-12-17 23:48:48,044 [INFO] Epoch 33 - Train Loss: 0.0047, Acc: 0.9985 | Val Loss: 0.1761, Acc: 0.9841, F1: 0.9851 | LR: 0.000075
2025-12-17 23:53:45,556 [INFO] Epoch 34 - Train Loss: 0.0013, Acc: 0.9997 | Val Loss: 0.2432, Acc: 0.9821, F1: 0.9832 | LR: 0.000074
2025-12-17 23:58:25,336 [INFO] Epoch 35 - Train Loss: 0.0003, Acc: 1.0000 | Val Loss: 0.2445, Acc: 0.9821, F1: 0.9832 | LR: 0.000073
2025-12-18 00:02:28,913 [INFO] Epoch 36 - Train Loss: 0.0002, Acc: 1.0000 | Val Loss: 0.2096, Acc: 0.9841, F1: 0.9851 | LR: 0.000071
2025-12-18 00:07:11,376 [INFO] Epoch 37 - Train Loss: 0.0003, Acc: 1.0000 | Val Loss: 0.2312, Acc: 0.9841, F1: 0.9851 | LR: 0.000070
2025-12-18 00:11:26,826 [INFO] Epoch 38 - Train Loss: 0.0066, Acc: 0.9977 | Val Loss: 0.5901, Acc: 0.8705, F1: 0.8723 | LR: 0.000068
2025-12-18 00:15:46,078 [INFO] Epoch 39 - Train Loss: 0.0114, Acc: 0.9970 | Val Loss: 0.1900, Acc: 0.9711, F1: 0.9727 | LR: 0.000067
2025-12-18 00:20:30,811 [INFO] Epoch 40 - Train Loss: 0.0038, Acc: 0.9990 | Val Loss: 0.2185, Acc: 0.9811, F1: 0.9820 | LR: 0.000065
2025-12-18 00:24:54,280 [INFO] Epoch 41 - Train Loss: 0.0007, Acc: 0.9999 | Val Loss: 0.1975, Acc: 0.9831, F1: 0.9841 | LR: 0.000064
2025-12-18 00:29:20,382 [INFO] Epoch 42 - Train Loss: 0.0009, Acc: 0.9997 | Val Loss: 0.2193, Acc: 0.9811, F1: 0.9820 | LR: 0.000062
2025-12-18 00:33:43,718 [INFO] Epoch 43 - Train Loss: 0.0015, Acc: 0.9997 | Val Loss: 0.1824, Acc: 0.9841, F1: 0.9851 | LR: 0.000061
2025-12-18 00:38:29,649 [INFO] Epoch 44 - Train Loss: 0.0018, Acc: 0.9997 | Val Loss: 0.1923, Acc: 0.9841, F1: 0.9851 | LR: 0.000059
2025-12-18 00:43:05,885 [INFO] Epoch 45 - Train Loss: 0.0016, Acc: 0.9997 | Val Loss: 0.1121, Acc: 0.9821, F1: 0.9833 | LR: 0.000058
2025-12-18 00:47:22,550 [INFO] Epoch 46 - Train Loss: 0.0026, Acc: 0.9991 | Val Loss: 0.1894, Acc: 0.9841, F1: 0.9851 | LR: 0.000056
2025-12-18 00:52:06,003 [INFO] Epoch 47 - Train Loss: 0.0098, Acc: 0.9965 | Val Loss: 0.1871, Acc: 0.9811, F1: 0.9822 | LR: 0.000055
2025-12-18 00:56:46,468 [INFO] Epoch 48 - Train Loss: 0.0006, Acc: 1.0000 | Val Loss: 0.2018, Acc: 0.9801, F1: 0.9813 | LR: 0.000053
2025-12-18 01:01:10,303 [INFO] Epoch 49 - Train Loss: 0.0005, Acc: 1.0000 | Val Loss: 0.2099, Acc: 0.9821, F1: 0.9829 | LR: 0.000052
2025-12-18 01:05:35,828 [INFO] Epoch 50 - Train Loss: 0.0003, Acc: 1.0000 | Val Loss: 0.1930, Acc: 0.9821, F1: 0.9831 | LR: 0.000050
2025-12-18 01:09:56,381 [INFO] Epoch 51 - Train Loss: 0.0002, Acc: 1.0000 | Val Loss: 0.1996, Acc: 0.9841, F1: 0.9851 | LR: 0.000048
2025-12-18 01:15:02,985 [INFO] Epoch 52 - Train Loss: 0.0001, Acc: 1.0000 | Val Loss: 0.2026, Acc: 0.9841, F1: 0.9851 | LR: 0.000047
2025-12-18 01:18:57,910 [INFO] Epoch 53 - Train Loss: 0.0001, Acc: 1.0000 | Val Loss: 0.2253, Acc: 0.9841, F1: 0.9851 | LR: 0.000045
2025-12-18 01:23:31,589 [INFO] Epoch 54 - Train Loss: 0.0005, Acc: 0.9999 | Val Loss: 0.1953, Acc: 0.9841, F1: 0.9851 | LR: 0.000044
2025-12-18 01:28:17,599 [INFO] Epoch 55 - Train Loss: 0.0001, Acc: 1.0000 | Val Loss: 0.2246, Acc: 0.9841, F1: 0.9851 | LR: 0.000042
2025-12-18 01:32:40,515 [INFO] Epoch 56 - Train Loss: 0.0001, Acc: 1.0000 | Val Loss: 0.2231, Acc: 0.9841, F1: 0.9851 | LR: 0.000041
2025-12-18 01:37:21,453 [INFO] Epoch 57 - Train Loss: 0.0001, Acc: 1.0000 | Val Loss: 0.2086, Acc: 0.9841, F1: 0.9851 | LR: 0.000039
2025-12-18 01:41:17,201 [INFO] Epoch 58 - Train Loss: 0.0001, Acc: 1.0000 | Val Loss: 0.2018, Acc: 0.9841, F1: 0.9851 | LR: 0.000038
2025-12-18 01:46:06,204 [INFO] Epoch 59 - Train Loss: 0.0001, Acc: 1.0000 | Val Loss: 0.2234, Acc: 0.9841, F1: 0.9851 | LR: 0.000036
2025-12-18 01:50:24,811 [INFO] Epoch 60 - Train Loss: 0.0001, Acc: 1.0000 | Val Loss: 0.2182, Acc: 0.9841, F1: 0.9851 | LR: 0.000035
2025-12-18 01:55:12,996 [INFO] Epoch 61 - Train Loss: 0.0001, Acc: 1.0000 | Val Loss: 0.1742, Acc: 0.9841, F1: 0.9851 | LR: 0.000033
2025-12-18 01:59:35,626 [INFO] Epoch 62 - Train Loss: 0.0001, Acc: 1.0000 | Val Loss: 0.1807, Acc: 0.9841, F1: 0.9851 | LR: 0.000032
2025-12-18 02:04:18,776 [INFO] Epoch 63 - Train Loss: 0.0001, Acc: 1.0000 | Val Loss: 0.2099, Acc: 0.9841, F1: 0.9851 | LR: 0.000030
2025-12-18 02:08:28,672 [INFO] Epoch 64 - Train Loss: 0.0000, Acc: 1.0000 | Val Loss: 0.2246, Acc: 0.9841, F1: 0.9851 | LR: 0.000029
2025-12-18 02:13:29,269 [INFO] Epoch 65 - Train Loss: 0.0013, Acc: 0.9996 | Val Loss: 0.2067, Acc: 0.9831, F1: 0.9841 | LR: 0.000027
2025-12-18 02:17:36,019 [INFO] Epoch 66 - Train Loss: 0.0011, Acc: 0.9997 | Val Loss: 0.2425, Acc: 0.9841, F1: 0.9851 | LR: 0.000026
2025-12-18 02:21:35,446 [INFO] Epoch 67 - Train Loss: 0.0006, Acc: 0.9997 | Val Loss: 0.2125, Acc: 0.9841, F1: 0.9851 | LR: 0.000025
2025-12-18 02:25:58,746 [INFO] Epoch 68 - Train Loss: 0.0001, Acc: 1.0000 | Val Loss: 0.2229, Acc: 0.9841, F1: 0.9851 | LR: 0.000023
2025-12-18 02:31:03,012 [INFO] Epoch 69 - Train Loss: 0.0001, Acc: 1.0000 | Val Loss: 0.2102, Acc: 0.9841, F1: 0.9851 | LR: 0.000022
2025-12-18 02:35:22,608 [INFO] Epoch 70 - Train Loss: 0.0001, Acc: 1.0000 | Val Loss: 0.2182, Acc: 0.9841, F1: 0.9851 | LR: 0.000021
2025-12-18 02:39:59,328 [INFO] Epoch 71 - Train Loss: 0.0001, Acc: 1.0000 | Val Loss: 0.2183, Acc: 0.9841, F1: 0.9851 | LR: 0.000019
2025-12-18 02:44:00,555 [INFO] Epoch 72 - Train Loss: 0.0001, Acc: 1.0000 | Val Loss: 0.2374, Acc: 0.9841, F1: 0.9851 | LR: 0.000018
2025-12-18 02:48:29,277 [INFO] Epoch 73 - Train Loss: 0.0000, Acc: 1.0000 | Val Loss: 0.2333, Acc: 0.9841, F1: 0.9851 | LR: 0.000017
2025-12-18 02:53:07,428 [INFO] Epoch 74 - Train Loss: 0.0000, Acc: 1.0000 | Val Loss: 0.2293, Acc: 0.9841, F1: 0.9851 | LR: 0.000016
2025-12-18 02:57:57,153 [INFO] Epoch 75 - Train Loss: 0.0000, Acc: 1.0000 | Val Loss: 0.2317, Acc: 0.9841, F1: 0.9851 | LR: 0.000015
2025-12-18 03:02:53,717 [INFO] Epoch 76 - Train Loss: 0.0000, Acc: 1.0000 | Val Loss: 0.2241, Acc: 0.9841, F1: 0.9851 | LR: 0.000014
2025-12-18 03:06:58,170 [INFO] Epoch 77 - Train Loss: 0.0000, Acc: 1.0000 | Val Loss: 0.2385, Acc: 0.9841, F1: 0.9851 | LR: 0.000012
2025-12-18 03:11:29,192 [INFO] Epoch 78 - Train Loss: 0.0000, Acc: 1.0000 | Val Loss: 0.2382, Acc: 0.9841, F1: 0.9851 | LR: 0.000011
2025-12-18 03:15:59,570 [INFO] Epoch 79 - Train Loss: 0.0000, Acc: 1.0000 | Val Loss: 0.2369, Acc: 0.9841, F1: 0.9851 | LR: 0.000010
2025-12-18 03:20:09,717 [INFO] Epoch 80 - Train Loss: 0.0000, Acc: 1.0000 | Val Loss: 0.2367, Acc: 0.9841, F1: 0.9851 | LR: 0.000010
2025-12-18 03:24:39,176 [INFO] Epoch 81 - Train Loss: 0.0000, Acc: 1.0000 | Val Loss: 0.2123, Acc: 0.9841, F1: 0.9851 | LR: 0.000009
2025-12-18 03:29:06,496 [INFO] Epoch 82 - Train Loss: 0.0000, Acc: 1.0000 | Val Loss: 0.2249, Acc: 0.9841, F1: 0.9851 | LR: 0.000008
2025-12-18 03:33:25,297 [INFO] Epoch 83 - Train Loss: 0.0000, Acc: 1.0000 | Val Loss: 0.2377, Acc: 0.9841, F1: 0.9851 | LR: 0.000007
2025-12-18 03:37:39,230 [INFO] Epoch 84 - Train Loss: 0.0000, Acc: 1.0000 | Val Loss: 0.2340, Acc: 0.9841, F1: 0.9851 | LR: 0.000006
2025-12-18 03:41:53,973 [INFO] Epoch 85 - Train Loss: 0.0000, Acc: 1.0000 | Val Loss: 0.2373, Acc: 0.9841, F1: 0.9851 | LR: 0.000005
2025-12-18 03:46:16,960 [INFO] Epoch 86 - Train Loss: 0.0000, Acc: 1.0000 | Val Loss: 0.2348, Acc: 0.9841, F1: 0.9851 | LR: 0.000005
2025-12-18 03:50:44,067 [INFO] Epoch 87 - Train Loss: 0.0000, Acc: 1.0000 | Val Loss: 0.2437, Acc: 0.9841, F1: 0.9851 | LR: 0.000004
2025-12-18 03:55:13,103 [INFO] Epoch 88 - Train Loss: 0.0000, Acc: 1.0000 | Val Loss: 0.2466, Acc: 0.9841, F1: 0.9851 | LR: 0.000004
2025-12-18 03:59:56,050 [INFO] Epoch 89 - Train Loss: 0.0000, Acc: 1.0000 | Val Loss: 0.2438, Acc: 0.9841, F1: 0.9851 | LR: 0.000003
2025-12-18 04:04:20,998 [INFO] Epoch 90 - Train Loss: 0.0000, Acc: 1.0000 | Val Loss: 0.2428, Acc: 0.9841, F1: 0.9851 | LR: 0.000002
2025-12-18 04:09:07,848 [INFO] Epoch 91 - Train Loss: 0.0001, Acc: 1.0000 | Val Loss: 0.2386, Acc: 0.9841, F1: 0.9851 | LR: 0.000002
2025-12-18 04:13:44,354 [INFO] Epoch 92 - Train Loss: 0.0000, Acc: 1.0000 | Val Loss: 0.2332, Acc: 0.9841, F1: 0.9851 | LR: 0.000002
2025-12-18 04:18:28,041 [INFO] Epoch 93 - Train Loss: 0.0000, Acc: 1.0000 | Val Loss: 0.2436, Acc: 0.9841, F1: 0.9851 | LR: 0.000001
2025-12-18 04:22:54,171 [INFO] Epoch 94 - Train Loss: 0.0000, Acc: 1.0000 | Val Loss: 0.2315, Acc: 0.9841, F1: 0.9851 | LR: 0.000001
2025-12-18 04:27:15,451 [INFO] Epoch 95 - Train Loss: 0.0000, Acc: 1.0000 | Val Loss: 0.2363, Acc: 0.9841, F1: 0.9851 | LR: 0.000001
2025-12-18 04:31:29,854 [INFO] Epoch 96 - Train Loss: 0.0000, Acc: 1.0000 | Val Loss: 0.2423, Acc: 0.9841, F1: 0.9851 | LR: 0.000000
2025-12-18 04:35:47,804 [INFO] Epoch 97 - Train Loss: 0.0000, Acc: 1.0000 | Val Loss: 0.2659, Acc: 0.9841, F1: 0.9851 | LR: 0.000000
2025-12-18 04:40:25,302 [INFO] Epoch 98 - Train Loss: 0.0000, Acc: 1.0000 | Val Loss: 0.2473, Acc: 0.9841, F1: 0.9851 | LR: 0.000000
2025-12-18 04:44:42,959 [INFO] Epoch 99 - Train Loss: 0.0000, Acc: 1.0000 | Val Loss: 0.2555, Acc: 0.9841, F1: 0.9851 | LR: 0.000000
2025-12-18 04:49:12,760 [INFO] Epoch 100 - Train Loss: 0.0000, Acc: 1.0000 | Val Loss: 0.2594, Acc: 0.9841, F1: 0.9851 | LR: 0.000000
2025-12-18 04:49:12,760 [INFO] Training Complete.
