Epoch,Train Loss,Train Acc,Val Loss,Val Acc,Val F1,LR,Saved Best Model
1,0.4245,0.8389,0.5228,0.9193,0.92,0.0001,Yes
2,0.092,0.9688,0.2286,0.9651,0.9662,0.0001,Yes
3,0.05,0.9852,0.2084,0.9731,0.9738,0.0001,Yes
4,0.0319,0.9903,0.1625,0.9771,0.9784,0.0001,Yes
5,0.0314,0.9891,0.1955,0.9532,0.954,9.9e-05,No
6,0.0201,0.9936,0.2258,0.9771,0.978,9.9e-05,No
7,0.0171,0.9957,0.1107,0.9631,0.9646,9.9e-05,No
8,0.0061,0.9984,0.1683,0.9771,0.9778,9.8e-05,No
9,0.0073,0.9976,0.1719,0.9761,0.9769,9.8e-05,No
10,0.0079,0.9973,0.4344,0.9392,0.9409,9.8e-05,No
11,0.0078,0.998,0.1951,0.9821,0.9829,9.7e-05,Yes
12,0.0107,0.9967,0.2368,0.9731,0.9738,9.6e-05,No
13,0.0133,0.9955,0.1183,0.9801,0.9811,9.6e-05,No
14,0.0192,0.9944,0.2562,0.9622,0.9629,9.5e-05,No
15,0.0138,0.9958,0.1839,0.9651,0.9662,9.5e-05,No
16,0.0078,0.9972,0.2023,0.9731,0.9732,9.4e-05,No
17,0.0027,0.9996,0.1668,0.9801,0.9808,9.3e-05,No
18,0.0037,0.9991,0.297,0.9651,0.9645,9.2e-05,No
19,0.0018,0.9996,0.1822,0.9821,0.983,9.1e-05,Yes
20,0.0032,0.9994,0.2204,0.9811,0.9817,9e-05,No
21,0.0078,0.9976,0.3185,0.9731,0.9741,9e-05,No
22,0.0016,0.9995,0.2711,0.9751,0.9756,8.9e-05,No
23,0.0013,0.9999,0.2995,0.9811,0.982,8.8e-05,No
24,0.0013,0.9997,0.1614,0.9791,0.9798,8.6e-05,No
25,0.0012,0.9996,0.2933,0.9801,0.9809,8.5e-05,No
26,0.0121,0.9972,0.3324,0.9353,0.9337,8.4e-05,No
27,0.009,0.9973,0.3548,0.9681,0.968,8.3e-05,No
28,0.0073,0.998,0.241,0.9791,0.9798,8.2e-05,No
29,0.0035,0.9992,0.1928,0.9801,0.9807,8.1e-05,No
30,0.0086,0.9973,0.3647,0.9552,0.9518,7.9e-05,No
31,0.0094,0.9975,0.1204,0.9781,0.9788,7.8e-05,No
32,0.0044,0.9986,0.2004,0.9801,0.9811,7.7e-05,No
33,0.002,0.9994,0.1918,0.9781,0.9782,7.5e-05,No
34,0.0005,0.9999,0.149,0.9791,0.9798,7.4e-05,No
35,0.0005,1.0,0.2359,0.9821,0.9831,7.3e-05,Yes
36,0.0002,1.0,0.228,0.9691,0.968,7.1e-05,No
37,0.0001,1.0,0.1417,0.9791,0.9798,7e-05,No
38,0.0003,1.0,0.1797,0.9771,0.9776,6.8e-05,No
39,0.0001,1.0,0.1667,0.9821,0.9831,6.7e-05,No
40,0.0001,1.0,0.184,0.9811,0.9821,6.5e-05,No
41,0.0,1.0,0.1709,0.9801,0.9811,6.4e-05,No
42,0.0034,0.9985,0.3071,0.9731,0.974,6.2e-05,No
43,0.0135,0.9949,0.3072,0.9751,0.9753,6.1e-05,No
44,0.0039,0.9989,0.2372,0.9791,0.9797,5.9e-05,No
45,0.0009,0.9999,0.2467,0.9811,0.9819,5.8e-05,No
46,0.0076,0.9979,0.2352,0.9821,0.9831,5.6e-05,Yes
47,0.0019,0.9996,0.2249,0.9831,0.9841,5.5e-05,Yes
48,0.0003,1.0,0.2251,0.9821,0.9828,5.3e-05,No
49,0.0002,1.0,0.1969,0.9831,0.9841,5.2e-05,No
50,0.0001,1.0,0.2228,0.9831,0.9841,5e-05,No
51,0.0001,1.0,0.2134,0.9831,0.9841,4.8e-05,No
52,0.0001,1.0,0.2137,0.9831,0.9841,4.7e-05,No
53,0.0001,1.0,0.2458,0.9831,0.9841,4.5e-05,No
54,0.0006,0.9997,0.2371,0.9831,0.9841,4.4e-05,No
55,0.0018,0.9992,0.2577,0.9781,0.9786,4.2e-05,No
56,0.001,0.9996,0.2972,0.9811,0.9821,4.1e-05,No
57,0.0017,0.9994,0.3237,0.9821,0.983,3.9e-05,No
58,0.0002,1.0,0.307,0.9821,0.983,3.8e-05,No
59,0.0038,0.9987,0.2227,0.9691,0.9702,3.6e-05,No
60,0.0013,0.9994,0.2596,0.9821,0.983,3.5e-05,No
61,0.0002,1.0,0.2429,0.9811,0.9817,3.3e-05,No
62,0.0001,1.0,0.244,0.9821,0.983,3.2e-05,No
63,0.0,1.0,0.2688,0.9821,0.983,3e-05,No
64,0.0,1.0,0.2372,0.9821,0.983,2.9e-05,No
65,0.0009,0.9996,0.1233,0.9811,0.9817,2.7e-05,No
66,0.0005,0.9999,0.1902,0.9821,0.983,2.6e-05,No
67,0.0003,0.9999,0.1992,0.9821,0.983,2.5e-05,No
68,0.0001,1.0,0.1706,0.9821,0.983,2.3e-05,No
69,0.0001,1.0,0.1837,0.9821,0.983,2.2e-05,No
70,0.0001,1.0,0.2043,0.9821,0.983,2.1e-05,No
71,0.0002,0.9999,0.1654,0.9831,0.9841,1.9e-05,No
72,0.0,1.0,0.1739,0.9831,0.9841,1.8e-05,No
73,0.0001,1.0,0.211,0.9831,0.9841,1.7e-05,No
74,0.0,1.0,0.1934,0.9831,0.9841,1.6e-05,No
75,0.0001,1.0,0.1739,0.9821,0.983,1.5e-05,No
76,0.0,1.0,0.1873,0.9831,0.9841,1.4e-05,No
77,0.0,1.0,0.1905,0.9821,0.983,1.2e-05,No
78,0.0,1.0,0.1942,0.9821,0.983,1.1e-05,No
79,0.0,1.0,0.1755,0.9821,0.9831,1e-05,No
80,0.0,1.0,0.2009,0.9821,0.9831,1e-05,No
81,0.0,1.0,0.1969,0.9821,0.9831,9e-06,No
82,0.0,1.0,0.1952,0.9821,0.983,8e-06,No
83,0.0,1.0,0.1986,0.9831,0.9841,7e-06,No
84,0.0,1.0,0.201,0.9831,0.9841,6e-06,No
85,0.0,1.0,0.2048,0.9831,0.9841,5e-06,No
86,0.0,1.0,0.2031,0.9821,0.9831,5e-06,No
87,0.0,1.0,0.1924,0.9821,0.983,4e-06,No
88,0.0,1.0,0.1898,0.9831,0.9841,4e-06,No
89,0.0,1.0,0.19,0.9831,0.9841,3e-06,No
90,0.0,1.0,0.2154,0.9821,0.983,2e-06,No
91,0.0,1.0,0.2081,0.9831,0.9841,2e-06,No
92,0.0,1.0,0.2098,0.9821,0.983,2e-06,No
93,0.0,1.0,0.2084,0.9821,0.983,1e-06,No
94,0.0,1.0,0.195,0.9811,0.982,1e-06,No
95,0.0,1.0,0.19,0.9811,0.982,1e-06,No
96,0.0,1.0,0.2135,0.9831,0.9841,0.0,No
97,0.0,1.0,0.2056,0.9821,0.983,0.0,No
98,0.0,1.0,0.1933,0.9831,0.9841,0.0,No
99,0.0,1.0,0.2055,0.9821,0.983,0.0,No
100,0.0,1.0,0.1944,0.9811,0.982,0.0,No
