2025-12-18 13:42:47,687 [INFO] Using device: cuda
2025-12-18 13:42:47,687 [INFO] Arguments: {'data_root': '/home/xxge/tzy/Pycharmpro/cnn_fiber/TRAIN_DATA_FINAL_256', 'model': 'densenet121', 'epochs': 100, 'batch_size': 64, 'lr': 0.0001, 'save_dir': './checkpoints_cbam'}
2025-12-18 13:42:47,687 [INFO] Loading data...
2025-12-18 13:46:18,372 [INFO] Epoch 1 - Train Loss: 0.3116, Acc: 0.9105 | Val Loss: 0.1465, Acc: 0.9831, F1: 0.9840 | LR: 0.000100
2025-12-18 13:46:18,513 [INFO] >>> Saved New Best Model (F1: 0.9840)
2025-12-18 13:49:31,449 [INFO] Epoch 2 - Train Loss: 0.0677, Acc: 0.9822 | Val Loss: 0.1339, Acc: 0.9721, F1: 0.9730 | LR: 0.000100
2025-12-18 13:52:46,914 [INFO] Epoch 3 - Train Loss: 0.0417, Acc: 0.9876 | Val Loss: 0.1956, Acc: 0.9821, F1: 0.9830 | LR: 0.000100
2025-12-18 13:56:00,858 [INFO] Epoch 4 - Train Loss: 0.0271, Acc: 0.9939 | Val Loss: 0.1447, Acc: 0.9711, F1: 0.9692 | LR: 0.000100
2025-12-18 13:59:13,670 [INFO] Epoch 5 - Train Loss: 0.0264, Acc: 0.9933 | Val Loss: 0.1511, Acc: 0.9811, F1: 0.9815 | LR: 0.000099
2025-12-18 14:02:23,111 [INFO] Epoch 6 - Train Loss: 0.0114, Acc: 0.9979 | Val Loss: 0.1747, Acc: 0.9751, F1: 0.9741 | LR: 0.000099
2025-12-18 14:05:34,153 [INFO] Epoch 7 - Train Loss: 0.0128, Acc: 0.9971 | Val Loss: 0.1683, Acc: 0.9811, F1: 0.9817 | LR: 0.000099
2025-12-18 14:08:43,525 [INFO] Epoch 8 - Train Loss: 0.0094, Acc: 0.9980 | Val Loss: 0.1849, Acc: 0.9801, F1: 0.9801 | LR: 0.000098
2025-12-18 14:11:55,437 [INFO] Epoch 9 - Train Loss: 0.0188, Acc: 0.9949 | Val Loss: 0.2098, Acc: 0.9771, F1: 0.9778 | LR: 0.000098
2025-12-18 14:15:06,011 [INFO] Epoch 10 - Train Loss: 0.0131, Acc: 0.9972 | Val Loss: 0.0229, Acc: 0.9940, F1: 0.9937 | LR: 0.000098
2025-12-18 14:15:06,191 [INFO] >>> Saved New Best Model (F1: 0.9937)
2025-12-18 14:18:15,220 [INFO] Epoch 11 - Train Loss: 0.0106, Acc: 0.9972 | Val Loss: 0.2395, Acc: 0.9612, F1: 0.9587 | LR: 0.000097
2025-12-18 14:21:34,673 [INFO] Epoch 12 - Train Loss: 0.0095, Acc: 0.9975 | Val Loss: 0.1732, Acc: 0.9651, F1: 0.9636 | LR: 0.000096
2025-12-18 14:24:51,170 [INFO] Epoch 13 - Train Loss: 0.0028, Acc: 0.9999 | Val Loss: 0.1594, Acc: 0.9681, F1: 0.9655 | LR: 0.000096
2025-12-18 14:28:03,567 [INFO] Epoch 14 - Train Loss: 0.0030, Acc: 0.9996 | Val Loss: 0.1240, Acc: 0.9691, F1: 0.9665 | LR: 0.000095
2025-12-18 14:31:14,676 [INFO] Epoch 15 - Train Loss: 0.0023, Acc: 0.9999 | Val Loss: 0.2109, Acc: 0.9701, F1: 0.9675 | LR: 0.000095
2025-12-18 14:34:24,256 [INFO] Epoch 16 - Train Loss: 0.0044, Acc: 0.9989 | Val Loss: 0.2452, Acc: 0.9701, F1: 0.9690 | LR: 0.000094
2025-12-18 14:37:34,985 [INFO] Epoch 17 - Train Loss: 0.0055, Acc: 0.9985 | Val Loss: 0.1179, Acc: 0.9791, F1: 0.9800 | LR: 0.000093
2025-12-18 14:40:49,825 [INFO] Epoch 18 - Train Loss: 0.0094, Acc: 0.9977 | Val Loss: 0.0952, Acc: 0.9711, F1: 0.9690 | LR: 0.000092
2025-12-18 14:44:00,481 [INFO] Epoch 19 - Train Loss: 0.0048, Acc: 0.9989 | Val Loss: 0.0886, Acc: 0.9671, F1: 0.9681 | LR: 0.000091
2025-12-18 14:47:07,303 [INFO] Epoch 20 - Train Loss: 0.0078, Acc: 0.9976 | Val Loss: 0.2627, Acc: 0.9582, F1: 0.9554 | LR: 0.000090
2025-12-18 14:50:19,860 [INFO] Epoch 21 - Train Loss: 0.0126, Acc: 0.9963 | Val Loss: 0.3056, Acc: 0.9582, F1: 0.9554 | LR: 0.000090
2025-12-18 14:53:32,235 [INFO] Epoch 22 - Train Loss: 0.0038, Acc: 0.9989 | Val Loss: 0.1509, Acc: 0.9701, F1: 0.9702 | LR: 0.000089
2025-12-18 14:56:40,182 [INFO] Epoch 23 - Train Loss: 0.0057, Acc: 0.9985 | Val Loss: 0.3112, Acc: 0.9661, F1: 0.9639 | LR: 0.000088
2025-12-18 14:59:58,989 [INFO] Epoch 24 - Train Loss: 0.0010, Acc: 1.0000 | Val Loss: 0.2408, Acc: 0.9691, F1: 0.9668 | LR: 0.000086
2025-12-18 15:03:11,000 [INFO] Epoch 25 - Train Loss: 0.0005, Acc: 1.0000 | Val Loss: 0.2875, Acc: 0.9691, F1: 0.9665 | LR: 0.000085
2025-12-18 15:06:21,673 [INFO] Epoch 26 - Train Loss: 0.0006, Acc: 1.0000 | Val Loss: 0.2454, Acc: 0.9701, F1: 0.9678 | LR: 0.000084
2025-12-18 15:09:35,578 [INFO] Epoch 27 - Train Loss: 0.0022, Acc: 0.9995 | Val Loss: 0.1353, Acc: 0.9761, F1: 0.9756 | LR: 0.000083
2025-12-18 15:12:42,177 [INFO] Epoch 28 - Train Loss: 0.0089, Acc: 0.9976 | Val Loss: 0.2608, Acc: 0.9651, F1: 0.9619 | LR: 0.000082
2025-12-18 15:15:56,624 [INFO] Epoch 29 - Train Loss: 0.0043, Acc: 0.9986 | Val Loss: 0.2584, Acc: 0.9701, F1: 0.9675 | LR: 0.000081
2025-12-18 15:19:03,262 [INFO] Epoch 30 - Train Loss: 0.0007, Acc: 1.0000 | Val Loss: 0.1958, Acc: 0.9681, F1: 0.9654 | LR: 0.000079
2025-12-18 15:22:14,086 [INFO] Epoch 31 - Train Loss: 0.0003, Acc: 1.0000 | Val Loss: 0.2396, Acc: 0.9701, F1: 0.9678 | LR: 0.000078
2025-12-18 15:25:24,926 [INFO] Epoch 32 - Train Loss: 0.0024, Acc: 0.9994 | Val Loss: 0.0966, Acc: 0.9681, F1: 0.9658 | LR: 0.000077
2025-12-18 15:28:36,629 [INFO] Epoch 33 - Train Loss: 0.0186, Acc: 0.9937 | Val Loss: 0.1230, Acc: 0.9751, F1: 0.9754 | LR: 0.000075
2025-12-18 15:31:54,917 [INFO] Epoch 34 - Train Loss: 0.0053, Acc: 0.9982 | Val Loss: 0.1972, Acc: 0.9661, F1: 0.9628 | LR: 0.000074
2025-12-18 15:35:04,011 [INFO] Epoch 35 - Train Loss: 0.0011, Acc: 0.9999 | Val Loss: 0.3195, Acc: 0.9612, F1: 0.9573 | LR: 0.000073
2025-12-18 15:38:22,488 [INFO] Epoch 36 - Train Loss: 0.0004, Acc: 1.0000 | Val Loss: 0.2668, Acc: 0.9681, F1: 0.9651 | LR: 0.000071
2025-12-18 15:41:33,791 [INFO] Epoch 37 - Train Loss: 0.0003, Acc: 1.0000 | Val Loss: 0.2555, Acc: 0.9671, F1: 0.9647 | LR: 0.000070
2025-12-18 15:44:49,693 [INFO] Epoch 38 - Train Loss: 0.0003, Acc: 1.0000 | Val Loss: 0.2226, Acc: 0.9681, F1: 0.9651 | LR: 0.000068
2025-12-18 15:48:08,508 [INFO] Epoch 39 - Train Loss: 0.0013, Acc: 0.9997 | Val Loss: 0.2209, Acc: 0.9681, F1: 0.9651 | LR: 0.000067
2025-12-18 15:51:21,627 [INFO] Epoch 40 - Train Loss: 0.0005, Acc: 1.0000 | Val Loss: 0.2316, Acc: 0.9681, F1: 0.9651 | LR: 0.000065
2025-12-18 15:54:29,161 [INFO] Epoch 41 - Train Loss: 0.0004, Acc: 1.0000 | Val Loss: 0.2910, Acc: 0.9681, F1: 0.9651 | LR: 0.000064
2025-12-18 15:57:41,994 [INFO] Epoch 42 - Train Loss: 0.0002, Acc: 1.0000 | Val Loss: 0.3025, Acc: 0.9681, F1: 0.9651 | LR: 0.000062
2025-12-18 16:00:52,654 [INFO] Epoch 43 - Train Loss: 0.0035, Acc: 0.9991 | Val Loss: 0.1868, Acc: 0.9701, F1: 0.9675 | LR: 0.000061
2025-12-18 16:04:03,296 [INFO] Epoch 44 - Train Loss: 0.0005, Acc: 1.0000 | Val Loss: 0.2524, Acc: 0.9701, F1: 0.9675 | LR: 0.000059
2025-12-18 16:07:20,099 [INFO] Epoch 45 - Train Loss: 0.0005, Acc: 0.9999 | Val Loss: 0.2411, Acc: 0.9691, F1: 0.9665 | LR: 0.000058
2025-12-18 16:10:27,984 [INFO] Epoch 46 - Train Loss: 0.0012, Acc: 0.9997 | Val Loss: 0.2381, Acc: 0.9701, F1: 0.9675 | LR: 0.000056
2025-12-18 16:13:44,093 [INFO] Epoch 47 - Train Loss: 0.0001, Acc: 1.0000 | Val Loss: 0.2443, Acc: 0.9691, F1: 0.9663 | LR: 0.000055
2025-12-18 16:16:58,145 [INFO] Epoch 48 - Train Loss: 0.0001, Acc: 1.0000 | Val Loss: 0.2324, Acc: 0.9701, F1: 0.9675 | LR: 0.000053
2025-12-18 16:20:04,606 [INFO] Epoch 49 - Train Loss: 0.0001, Acc: 1.0000 | Val Loss: 0.2680, Acc: 0.9701, F1: 0.9675 | LR: 0.000052
2025-12-18 16:23:16,703 [INFO] Epoch 50 - Train Loss: 0.0001, Acc: 1.0000 | Val Loss: 0.2462, Acc: 0.9701, F1: 0.9678 | LR: 0.000050
2025-12-18 16:26:29,751 [INFO] Epoch 51 - Train Loss: 0.0010, Acc: 0.9996 | Val Loss: 0.2893, Acc: 0.9701, F1: 0.9675 | LR: 0.000048
2025-12-18 16:29:38,687 [INFO] Epoch 52 - Train Loss: 0.0005, Acc: 0.9999 | Val Loss: 0.2171, Acc: 0.9671, F1: 0.9647 | LR: 0.000047
2025-12-18 16:32:52,011 [INFO] Epoch 53 - Train Loss: 0.0007, Acc: 0.9999 | Val Loss: 0.2301, Acc: 0.9691, F1: 0.9665 | LR: 0.000045
2025-12-18 16:36:05,424 [INFO] Epoch 54 - Train Loss: 0.0004, Acc: 1.0000 | Val Loss: 0.2168, Acc: 0.9701, F1: 0.9675 | LR: 0.000044
2025-12-18 16:39:18,607 [INFO] Epoch 55 - Train Loss: 0.0005, Acc: 1.0000 | Val Loss: 0.1309, Acc: 0.9681, F1: 0.9651 | LR: 0.000042
2025-12-18 16:42:41,147 [INFO] Epoch 56 - Train Loss: 0.0005, Acc: 1.0000 | Val Loss: 0.2977, Acc: 0.9691, F1: 0.9663 | LR: 0.000041
2025-12-18 16:45:52,456 [INFO] Epoch 57 - Train Loss: 0.0001, Acc: 1.0000 | Val Loss: 0.2613, Acc: 0.9701, F1: 0.9675 | LR: 0.000039
2025-12-18 16:49:09,327 [INFO] Epoch 58 - Train Loss: 0.0001, Acc: 1.0000 | Val Loss: 0.2063, Acc: 0.9701, F1: 0.9675 | LR: 0.000038
2025-12-18 16:52:20,124 [INFO] Epoch 59 - Train Loss: 0.0001, Acc: 1.0000 | Val Loss: 0.2299, Acc: 0.9681, F1: 0.9653 | LR: 0.000036
2025-12-18 16:55:33,622 [INFO] Epoch 60 - Train Loss: 0.0001, Acc: 1.0000 | Val Loss: 0.2253, Acc: 0.9701, F1: 0.9675 | LR: 0.000035
2025-12-18 16:58:46,466 [INFO] Epoch 61 - Train Loss: 0.0001, Acc: 1.0000 | Val Loss: 0.2170, Acc: 0.9701, F1: 0.9675 | LR: 0.000033
2025-12-18 17:01:58,776 [INFO] Epoch 62 - Train Loss: 0.0001, Acc: 1.0000 | Val Loss: 0.2416, Acc: 0.9701, F1: 0.9675 | LR: 0.000032
2025-12-18 17:05:10,976 [INFO] Epoch 63 - Train Loss: 0.0001, Acc: 1.0000 | Val Loss: 0.2176, Acc: 0.9691, F1: 0.9668 | LR: 0.000030
2025-12-18 17:08:27,359 [INFO] Epoch 64 - Train Loss: 0.0001, Acc: 1.0000 | Val Loss: 0.2202, Acc: 0.9701, F1: 0.9675 | LR: 0.000029
2025-12-18 17:11:35,246 [INFO] Epoch 65 - Train Loss: 0.0001, Acc: 1.0000 | Val Loss: 0.2267, Acc: 0.9701, F1: 0.9675 | LR: 0.000027
