2025-12-17 10:09:58,639 [INFO] Using device: cuda
2025-12-17 10:09:58,639 [INFO] Arguments: {'data_root': '/home/xxge/tzy/Pycharmpro/cnn_fiber/TRAIN_DATA_FINAL_256', 'model': 'resnet18_cbam', 'epochs': 100, 'batch_size': 64, 'lr': 0.0001, 'save_dir': './checkpoints_cbam'}
2025-12-17 10:09:58,639 [INFO] Loading data...
2025-12-17 10:15:22,910 [INFO] Epoch 1 - Train Loss: 0.3096, Acc: 0.8963 | Val Loss: 0.1533, Acc: 0.9701, F1: 0.9701 | LR: 0.000100
2025-12-17 10:15:23,148 [INFO] >>> Saved New Best Model (F1: 0.9701)
2025-12-17 10:20:15,157 [INFO] Epoch 2 - Train Loss: 0.0619, Acc: 0.9793 | Val Loss: 0.3164, Acc: 0.9452, F1: 0.9437 | LR: 0.000100
2025-12-17 10:25:18,677 [INFO] Epoch 3 - Train Loss: 0.0132, Acc: 0.9970 | Val Loss: 0.1235, Acc: 0.9721, F1: 0.9728 | LR: 0.000100
2025-12-17 10:25:19,083 [INFO] >>> Saved New Best Model (F1: 0.9728)
2025-12-17 10:30:03,419 [INFO] Epoch 4 - Train Loss: 0.0201, Acc: 0.9946 | Val Loss: 0.1655, Acc: 0.9741, F1: 0.9755 | LR: 0.000100
2025-12-17 10:30:03,812 [INFO] >>> Saved New Best Model (F1: 0.9755)
2025-12-17 10:35:05,220 [INFO] Epoch 5 - Train Loss: 0.0069, Acc: 0.9981 | Val Loss: 0.1520, Acc: 0.9811, F1: 0.9818 | LR: 0.000099
2025-12-17 10:35:05,682 [INFO] >>> Saved New Best Model (F1: 0.9818)
2025-12-17 10:39:59,474 [INFO] Epoch 6 - Train Loss: 0.0159, Acc: 0.9958 | Val Loss: 0.1439, Acc: 0.9781, F1: 0.9785 | LR: 0.000099
2025-12-17 10:44:56,788 [INFO] Epoch 7 - Train Loss: 0.0176, Acc: 0.9947 | Val Loss: 0.2729, Acc: 0.9432, F1: 0.9435 | LR: 0.000099
2025-12-17 10:49:43,006 [INFO] Epoch 8 - Train Loss: 0.0262, Acc: 0.9929 | Val Loss: 0.1710, Acc: 0.9811, F1: 0.9821 | LR: 0.000098
2025-12-17 10:49:43,346 [INFO] >>> Saved New Best Model (F1: 0.9821)
2025-12-17 10:54:40,061 [INFO] Epoch 9 - Train Loss: 0.0140, Acc: 0.9966 | Val Loss: 0.1177, Acc: 0.9821, F1: 0.9829 | LR: 0.000098
2025-12-17 10:54:40,451 [INFO] >>> Saved New Best Model (F1: 0.9829)
2025-12-17 10:59:24,853 [INFO] Epoch 10 - Train Loss: 0.0031, Acc: 0.9994 | Val Loss: 0.1172, Acc: 0.9841, F1: 0.9851 | LR: 0.000098
2025-12-17 10:59:25,191 [INFO] >>> Saved New Best Model (F1: 0.9851)
2025-12-17 11:04:09,872 [INFO] Epoch 11 - Train Loss: 0.0010, Acc: 0.9997 | Val Loss: 0.1517, Acc: 0.9821, F1: 0.9828 | LR: 0.000097
2025-12-17 11:09:04,803 [INFO] Epoch 12 - Train Loss: 0.0006, Acc: 1.0000 | Val Loss: 0.1435, Acc: 0.9841, F1: 0.9851 | LR: 0.000096
2025-12-17 11:13:39,651 [INFO] Epoch 13 - Train Loss: 0.0005, Acc: 1.0000 | Val Loss: 0.1635, Acc: 0.9841, F1: 0.9851 | LR: 0.000096
2025-12-17 11:18:34,767 [INFO] Epoch 14 - Train Loss: 0.0175, Acc: 0.9948 | Val Loss: 0.1437, Acc: 0.9821, F1: 0.9830 | LR: 0.000095
2025-12-17 11:23:24,860 [INFO] Epoch 15 - Train Loss: 0.0061, Acc: 0.9979 | Val Loss: 0.1887, Acc: 0.9791, F1: 0.9799 | LR: 0.000095
2025-12-17 11:28:22,378 [INFO] Epoch 16 - Train Loss: 0.0076, Acc: 0.9981 | Val Loss: 0.1795, Acc: 0.9841, F1: 0.9851 | LR: 0.000094
2025-12-17 11:33:00,941 [INFO] Epoch 17 - Train Loss: 0.0018, Acc: 0.9996 | Val Loss: 0.1636, Acc: 0.9821, F1: 0.9830 | LR: 0.000093
2025-12-17 11:38:06,326 [INFO] Epoch 18 - Train Loss: 0.0003, Acc: 1.0000 | Val Loss: 0.1700, Acc: 0.9821, F1: 0.9830 | LR: 0.000092
2025-12-17 11:42:35,525 [INFO] Epoch 19 - Train Loss: 0.0004, Acc: 0.9999 | Val Loss: 0.1658, Acc: 0.9831, F1: 0.9841 | LR: 0.000091
2025-12-17 11:47:43,536 [INFO] Epoch 20 - Train Loss: 0.0002, Acc: 1.0000 | Val Loss: 0.1647, Acc: 0.9821, F1: 0.9830 | LR: 0.000090
2025-12-17 11:52:30,664 [INFO] Epoch 21 - Train Loss: 0.0002, Acc: 1.0000 | Val Loss: 0.1654, Acc: 0.9831, F1: 0.9841 | LR: 0.000090
2025-12-17 14:52:16,114 [INFO] Epoch 22 - Train Loss: 0.0001, Acc: 1.0000 | Val Loss: 0.1824, Acc: 0.9841, F1: 0.9851 | LR: 0.000089
2025-12-17 14:57:01,609 [INFO] Epoch 23 - Train Loss: 0.0001, Acc: 1.0000 | Val Loss: 0.1781, Acc: 0.9831, F1: 0.9841 | LR: 0.000088
2025-12-17 15:01:59,018 [INFO] Epoch 24 - Train Loss: 0.0001, Acc: 1.0000 | Val Loss: 0.1844, Acc: 0.9841, F1: 0.9851 | LR: 0.000086
2025-12-17 15:06:43,550 [INFO] Epoch 25 - Train Loss: 0.0001, Acc: 1.0000 | Val Loss: 0.1824, Acc: 0.9841, F1: 0.9851 | LR: 0.000085
2025-12-17 15:11:24,002 [INFO] Epoch 26 - Train Loss: 0.0001, Acc: 1.0000 | Val Loss: 0.1839, Acc: 0.9841, F1: 0.9851 | LR: 0.000084
2025-12-17 15:16:04,341 [INFO] Epoch 27 - Train Loss: 0.0001, Acc: 1.0000 | Val Loss: 0.1826, Acc: 0.9841, F1: 0.9851 | LR: 0.000083
2025-12-17 15:20:49,701 [INFO] Epoch 28 - Train Loss: 0.0001, Acc: 1.0000 | Val Loss: 0.2048, Acc: 0.9841, F1: 0.9851 | LR: 0.000082
2025-12-17 15:25:26,160 [INFO] Epoch 29 - Train Loss: 0.0001, Acc: 1.0000 | Val Loss: 0.2012, Acc: 0.9841, F1: 0.9851 | LR: 0.000081
2025-12-17 15:29:59,742 [INFO] Epoch 30 - Train Loss: 0.0001, Acc: 1.0000 | Val Loss: 0.2021, Acc: 0.9841, F1: 0.9851 | LR: 0.000079
2025-12-17 15:34:30,108 [INFO] Epoch 31 - Train Loss: 0.0000, Acc: 1.0000 | Val Loss: 0.2097, Acc: 0.9841, F1: 0.9851 | LR: 0.000078
2025-12-17 15:39:20,281 [INFO] Epoch 32 - Train Loss: 0.0000, Acc: 1.0000 | Val Loss: 0.2046, Acc: 0.9841, F1: 0.9851 | LR: 0.000077
2025-12-17 15:44:02,517 [INFO] Epoch 33 - Train Loss: 0.0000, Acc: 1.0000 | Val Loss: 0.2082, Acc: 0.9821, F1: 0.9830 | LR: 0.000075
2025-12-17 15:48:38,173 [INFO] Epoch 34 - Train Loss: 0.0000, Acc: 1.0000 | Val Loss: 0.1995, Acc: 0.9831, F1: 0.9841 | LR: 0.000074
2025-12-17 15:53:29,444 [INFO] Epoch 35 - Train Loss: 0.0286, Acc: 0.9924 | Val Loss: 0.2423, Acc: 0.9004, F1: 0.8991 | LR: 0.000073
2025-12-17 15:58:01,277 [INFO] Epoch 36 - Train Loss: 0.0197, Acc: 0.9946 | Val Loss: 0.3580, Acc: 0.8904, F1: 0.8871 | LR: 0.000071
2025-12-17 16:02:59,449 [INFO] Epoch 37 - Train Loss: 0.0027, Acc: 0.9992 | Val Loss: 0.1627, Acc: 0.9841, F1: 0.9851 | LR: 0.000070
2025-12-17 16:07:38,764 [INFO] Epoch 38 - Train Loss: 0.0006, Acc: 1.0000 | Val Loss: 0.1846, Acc: 0.9841, F1: 0.9851 | LR: 0.000068
2025-12-17 16:12:32,999 [INFO] Epoch 39 - Train Loss: 0.0006, Acc: 0.9999 | Val Loss: 0.1874, Acc: 0.9841, F1: 0.9851 | LR: 0.000067
2025-12-17 16:17:23,240 [INFO] Epoch 40 - Train Loss: 0.0081, Acc: 0.9975 | Val Loss: 0.3371, Acc: 0.9193, F1: 0.9199 | LR: 0.000065
2025-12-17 16:22:04,546 [INFO] Epoch 41 - Train Loss: 0.0065, Acc: 0.9981 | Val Loss: 0.1952, Acc: 0.9811, F1: 0.9820 | LR: 0.000064
2025-12-17 16:26:52,448 [INFO] Epoch 42 - Train Loss: 0.0006, Acc: 1.0000 | Val Loss: 0.1917, Acc: 0.9841, F1: 0.9851 | LR: 0.000062
2025-12-17 16:31:31,715 [INFO] Epoch 43 - Train Loss: 0.0002, Acc: 1.0000 | Val Loss: 0.1764, Acc: 0.9841, F1: 0.9851 | LR: 0.000061
2025-12-17 16:36:06,066 [INFO] Epoch 44 - Train Loss: 0.0002, Acc: 1.0000 | Val Loss: 0.1786, Acc: 0.9831, F1: 0.9841 | LR: 0.000059
2025-12-17 16:40:40,744 [INFO] Epoch 45 - Train Loss: 0.0001, Acc: 1.0000 | Val Loss: 0.1912, Acc: 0.9841, F1: 0.9851 | LR: 0.000058
2025-12-17 16:45:15,243 [INFO] Epoch 46 - Train Loss: 0.0005, Acc: 0.9999 | Val Loss: 0.2130, Acc: 0.9841, F1: 0.9851 | LR: 0.000056
2025-12-17 16:50:14,210 [INFO] Epoch 47 - Train Loss: 0.0002, Acc: 1.0000 | Val Loss: 0.1939, Acc: 0.9841, F1: 0.9851 | LR: 0.000055
2025-12-17 16:54:57,119 [INFO] Epoch 48 - Train Loss: 0.0003, Acc: 1.0000 | Val Loss: 0.2114, Acc: 0.9841, F1: 0.9851 | LR: 0.000053
2025-12-17 16:59:51,561 [INFO] Epoch 49 - Train Loss: 0.0001, Acc: 1.0000 | Val Loss: 0.2023, Acc: 0.9831, F1: 0.9838 | LR: 0.000052
2025-12-17 17:04:28,081 [INFO] Epoch 50 - Train Loss: 0.0001, Acc: 1.0000 | Val Loss: 0.2017, Acc: 0.9831, F1: 0.9838 | LR: 0.000050
2025-12-17 17:09:17,418 [INFO] Epoch 51 - Train Loss: 0.0001, Acc: 1.0000 | Val Loss: 0.2031, Acc: 0.9841, F1: 0.9851 | LR: 0.000048
2025-12-17 17:14:05,188 [INFO] Epoch 52 - Train Loss: 0.0000, Acc: 1.0000 | Val Loss: 0.2033, Acc: 0.9841, F1: 0.9851 | LR: 0.000047
2025-12-17 17:19:01,452 [INFO] Epoch 53 - Train Loss: 0.0001, Acc: 1.0000 | Val Loss: 0.1966, Acc: 0.9841, F1: 0.9851 | LR: 0.000045
2025-12-17 17:23:29,769 [INFO] Epoch 54 - Train Loss: 0.0001, Acc: 1.0000 | Val Loss: 0.1970, Acc: 0.9841, F1: 0.9851 | LR: 0.000044
2025-12-17 17:27:58,831 [INFO] Epoch 55 - Train Loss: 0.0036, Acc: 0.9986 | Val Loss: 0.2213, Acc: 0.9791, F1: 0.9796 | LR: 0.000042
2025-12-17 17:32:30,723 [INFO] Epoch 56 - Train Loss: 0.0059, Acc: 0.9982 | Val Loss: 0.1932, Acc: 0.9841, F1: 0.9851 | LR: 0.000041
2025-12-17 17:37:11,009 [INFO] Epoch 57 - Train Loss: 0.0003, Acc: 1.0000 | Val Loss: 0.1892, Acc: 0.9841, F1: 0.9851 | LR: 0.000039
2025-12-17 17:42:07,573 [INFO] Epoch 58 - Train Loss: 0.0002, Acc: 1.0000 | Val Loss: 0.2053, Acc: 0.9831, F1: 0.9841 | LR: 0.000038
2025-12-17 17:46:45,899 [INFO] Epoch 59 - Train Loss: 0.0002, Acc: 1.0000 | Val Loss: 0.1965, Acc: 0.9841, F1: 0.9851 | LR: 0.000036
2025-12-17 17:51:34,627 [INFO] Epoch 60 - Train Loss: 0.0002, Acc: 1.0000 | Val Loss: 0.2264, Acc: 0.9841, F1: 0.9851 | LR: 0.000035
2025-12-17 17:56:09,250 [INFO] Epoch 61 - Train Loss: 0.0001, Acc: 1.0000 | Val Loss: 0.1983, Acc: 0.9841, F1: 0.9851 | LR: 0.000033
2025-12-17 18:01:04,614 [INFO] Epoch 62 - Train Loss: 0.0001, Acc: 1.0000 | Val Loss: 0.1841, Acc: 0.9841, F1: 0.9851 | LR: 0.000032
2025-12-17 18:05:39,293 [INFO] Epoch 63 - Train Loss: 0.0001, Acc: 1.0000 | Val Loss: 0.1895, Acc: 0.9831, F1: 0.9841 | LR: 0.000030
2025-12-17 18:10:32,160 [INFO] Epoch 64 - Train Loss: 0.0001, Acc: 1.0000 | Val Loss: 0.1995, Acc: 0.9831, F1: 0.9841 | LR: 0.000029
